
/home/runner/work/exp-uv-visible-spectroscopy-iiith/exp-uv-visible-spectroscopy-iiith/experiment/simulation/expt1/mas1_animations.js
    4:5   warning  'id' is not defined                        no-undef
    6:12  warning  'type_of_movement' is not defined          no-undef
    7:17  warning  'initial_top' is not defined               no-undef
    7:31  warning  'final_top' is not defined                 no-undef
    8:31  warning  'id' is not defined                        no-undef
    9:17  warning  'count' is not defined                     no-undef
   11:17  warning  'initial_top' is not defined               no-undef
   11:30  warning  'step_top' is not defined                  no-undef
   12:17  warning  'initial_left' is not defined              no-undef
   12:31  warning  'step_left' is not defined                 no-undef
   13:17  warning  'elem' is not defined                      no-undef
   13:34  warning  'initial_top' is not defined               no-undef
   14:17  warning  'elem' is not defined                      no-undef
   14:35  warning  'initial_left' is not defined              no-undef
   17:17  warning  'type_of_movement' is not defined          no-undef
   18:17  warning  'initial_top' is not defined               no-undef
   18:31  warning  'final_top' is not defined                 no-undef
   19:31  warning  'id' is not defined                        no-undef
   20:17  warning  'count' is not defined                     no-undef
   22:17  warning  'initial_top' is not defined               no-undef
   22:30  warning  'step_top' is not defined                  no-undef
   23:17  warning  'initial_left' is not defined              no-undef
   23:31  warning  'step_left' is not defined                 no-undef
   24:17  warning  'elem' is not defined                      no-undef
   24:34  warning  'initial_top' is not defined               no-undef
   25:17  warning  'elem' is not defined                      no-undef
   25:35  warning  'initial_left' is not defined              no-undef
   40:10  warning  'beaker' is defined but never used         no-unused-vars
   41:8   warning  'step_no' is not defined                   no-undef
   43:9   warning  'elem' is not defined                      no-undef
   45:9   warning  'initial_top' is not defined               no-undef
   45:34  warning  '$' is not defined                         no-undef
   46:9   warning  'initial_left' is not defined              no-undef
   46:35  warning  '$' is not defined                         no-undef
   48:9   warning  'final_top' is not defined                 no-undef
   49:9   warning  'step_top' is not defined                  no-undef
   50:9   warning  'step_left' is not defined                 no-undef
   51:9   warning  'type_of_movement' is not defined          no-undef
   54:9   warning  '$' is not defined                         no-undef
   59:9   warning  'step_no' is not defined                   no-undef
   66:10  warning  'flask' is defined but never used          no-unused-vars
   67:9   warning  'step_no' is not defined                   no-undef
   67:25  warning  'count' is not defined                     no-undef
   69:9   warning  'elem' is not defined                      no-undef
   71:9   warning  'initial_top' is not defined               no-undef
   71:34  warning  '$' is not defined                         no-undef
   72:9   warning  'initial_left' is not defined              no-undef
   72:35  warning  '$' is not defined                         no-undef
   74:9   warning  'final_top' is not defined                 no-undef
   75:9   warning  'step_top' is not defined                  no-undef
   76:9   warning  'step_left' is not defined                 no-undef
   77:9   warning  'type_of_movement' is not defined          no-undef
   82:9   warning  'step_no' is not defined                   no-undef
   84:13  warning  'step_no' is not defined                   no-undef
   84:27  warning  'count' is not defined                     no-undef
   86:9   warning  'step_no' is not defined                   no-undef
   93:5   warning  'elem' is not defined                      no-undef
   95:5   warning  'initial_top' is not defined               no-undef
   95:30  warning  '$' is not defined                         no-undef
   96:5   warning  'initial_left' is not defined              no-undef
   96:31  warning  '$' is not defined                         no-undef
   98:5   warning  'final_top' is not defined                 no-undef
   99:5   warning  'step_top' is not defined                  no-undef
  100:5   warning  'step_left' is not defined                 no-undef
  101:5   warning  'type_of_movement' is not defined          no-undef
  105:5   warning  'id1' is not defined                       no-undef
  114:9   warning  'img' is not defined                       no-undef
  115:9   warning  'img1' is not defined                      no-undef
  148:12  warning  'y' is not defined                         no-undef
  149:13  warning  'img' is not defined                       no-undef
  149:29  warning  'y' is not defined                         no-undef
  152:9   warning  'y' is not defined                         no-undef
  154:13  warning  'y' is not defined                         no-undef
  155:13  warning  'img' is not defined                       no-undef
  157:13  warning  'y' is not defined                         no-undef
  158:13  warning  'img' is not defined                       no-undef
  159:13  warning  'img1' is not defined                      no-undef
  161:13  warning  'y' is not defined                         no-undef
  162:13  warning  'img' is not defined                       no-undef
  163:13  warning  'img1' is not defined                      no-undef
  165:12  warning  'y' is not defined                         no-undef
  166:27  warning  'id1' is not defined                       no-undef
  171:10  warning  'moveFlaskBack' is defined but never used  no-unused-vars
  173:9   warning  'elem' is not defined                      no-undef
  175:9   warning  'initial_top' is not defined               no-undef
  175:34  warning  '$' is not defined                         no-undef
  176:9   warning  'initial_left' is not defined              no-undef
  176:35  warning  '$' is not defined                         no-undef
  178:9   warning  'final_top' is not defined                 no-undef
  179:9   warning  'step_top' is not defined                  no-undef
  180:9   warning  'step_left' is not defined                 no-undef
  181:9   warning  'type_of_movement' is not defined          no-undef
  183:9   warning  'elem' is not defined                      no-undef
  185:9   warning  'elem' is not defined                      no-undef
  194:10  warning  'pipette' is defined but never used        no-unused-vars
  195:12  warning  'step_no' is not defined                   no-undef
  195:28  warning  'count' is not defined                     no-undef
  197:13  warning  'elem' is not defined                      no-undef
  199:13  warning  'initial_top' is not defined               no-undef
  199:38  warning  '$' is not defined                         no-undef
  200:13  warning  'initial_left' is not defined              no-undef
  200:39  warning  '$' is not defined                         no-undef
  202:13  warning  'final_top' is not defined                 no-undef
  203:13  warning  'step_top' is not defined                  no-undef
  204:13  warning  'step_left' is not defined                 no-undef
  205:13  warning  'type_of_movement' is not defined          no-undef
  210:13  warning  'step_no' is not defined                   no-undef
  213:17  warning  'step_no' is not defined                   no-undef
  213:31  warning  'count' is not defined                     no-undef
  217:13  warning  'step_no' is not defined                   no-undef
  220:17  warning  'step_no' is not defined                   no-undef
  220:31  warning  'count' is not defined                     no-undef
  224:13  warning  'step_no' is not defined                   no-undef
  230:9   warning  'img' is not defined                       no-undef
  231:9   warning  'img' is not defined                       no-undef
  233:13  warning  'img' is not defined                       no-undef
  234:13  warning  'elem' is not defined                      no-undef
  236:13  warning  'count' is not defined                     no-undef
  243:9   warning  'elem' is not defined                      no-undef
  245:9   warning  'initial_top' is not defined               no-undef
  245:34  warning  '$' is not defined                         no-undef
  246:9   warning  'initial_left' is not defined              no-undef
  246:35  warning  '$' is not defined                         no-undef
  248:9   warning  'final_top' is not defined                 no-undef
  249:9   warning  'step_top' is not defined                  no-undef
  250:9   warning  'step_left' is not defined                 no-undef
  251:9   warning  'type_of_movement' is not defined          no-undef
  256:13  warning  'elem' is not defined                      no-undef
  264:9   warning  'elem' is not defined                      no-undef
  266:9   warning  'initial_top' is not defined               no-undef
  266:34  warning  '$' is not defined                         no-undef
  267:9   warning  'initial_left' is not defined              no-undef
  267:35  warning  '$' is not defined                         no-undef
  269:9   warning  'final_top' is not defined                 no-undef
  270:9   warning  'step_top' is not defined                  no-undef
  271:9   warning  'step_left' is not defined                 no-undef
  272:9   warning  'type_of_movement' is not defined          no-undef
  283:10  warning  'cuvette' is defined but never used        no-unused-vars
  284:10  warning  'step_no' is not defined                   no-undef
  284:26  warning  'count' is not defined                     no-undef
  286:9   warning  'elem' is not defined                      no-undef
  288:9   warning  'elem' is not defined                      no-undef
  290:9   warning  'initial_top' is not defined               no-undef
  290:34  warning  '$' is not defined                         no-undef
  291:9   warning  'initial_left' is not defined              no-undef
  291:35  warning  '$' is not defined                         no-undef
  293:9   warning  'final_top' is not defined                 no-undef
  294:9   warning  'step_top' is not defined                  no-undef
  295:9   warning  'step_left' is not defined                 no-undef
  296:9   warning  'type_of_movement' is not defined          no-undef
  302:9   warning  'step_no' is not defined                   no-undef
  304:13  warning  'step_no' is not defined                   no-undef
  306:9   warning  'elem' is not defined                      no-undef
  309:9   warning  'initial_top' is not defined               no-undef
  309:34  warning  '$' is not defined                         no-undef
  310:9   warning  'initial_left' is not defined              no-undef
  310:35  warning  '$' is not defined                         no-undef
  312:9   warning  'final_top' is not defined                 no-undef
  313:9   warning  'step_top' is not defined                  no-undef
  314:9   warning  'step_left' is not defined                 no-undef
  315:9   warning  'type_of_movement' is not defined          no-undef
  320:9   warning  'step_no' is not defined                   no-undef
  325:10  warning  'moveDown' is defined but never used       no-unused-vars
  327:5   warning  'initial_top' is not defined               no-undef
  327:30  warning  '$' is not defined                         no-undef
  328:5   warning  'initial_left' is not defined              no-undef
  328:31  warning  '$' is not defined                         no-undef
  330:5   warning  'final_top' is not defined                 no-undef
  331:5   warning  'step_top' is not defined                  no-undef
  332:5   warning  'step_left' is not defined                 no-undef
  333:5   warning  'type_of_movement' is not defined          no-undef
  341:10  warning  'extraCuvette' is defined but never used   no-unused-vars
  343:5   warning  '$' is not defined                         no-undef
  345:5   warning  'elem' is not defined                      no-undef
  347:5   warning  'initial_top' is not defined               no-undef
  347:30  warning  '$' is not defined                         no-undef
  348:5   warning  'initial_left' is not defined              no-undef
  348:31  warning  '$' is not defined                         no-undef
  350:5   warning  'final_top' is not defined                 no-undef
  351:5   warning  'step_top' is not defined                  no-undef
  352:5   warning  'step_left' is not defined                 no-undef
  353:5   warning  'type_of_movement' is not defined          no-undef
  358:9   warning  '$' is not defined                         no-undef
  360:9   warning  'count' is not defined                     no-undef

/home/runner/work/exp-uv-visible-spectroscopy-iiith/exp-uv-visible-spectroscopy-iiith/experiment/simulation/expt1/mas_expt1.js
    6:9   warning  'y' is assigned a value but never used        no-unused-vars
    8:9   warning  'initial_top' is defined but never used       no-unused-vars
    9:9   warning  'initial_left' is defined but never used      no-unused-vars
   10:9   warning  'final_top' is defined but never used         no-unused-vars
   11:9   warning  'final_left' is defined but never used        no-unused-vars
   12:9   warning  'step' is defined but never used              no-unused-vars
   13:9   warning  'elem' is defined but never used              no-unused-vars
   15:9   warning  'img' is defined but never used               no-unused-vars
   15:13  warning  'img1' is defined but never used              no-unused-vars
   16:9   warning  'id' is defined but never used                no-unused-vars
   16:12  warning  'id1' is defined but never used               no-unused-vars
   17:9   warning  'type_of_movement' is defined but never used  no-unused-vars
   18:9   warning  'turnon' is already defined                   no-redeclare
   22:1   warning  Mixed spaces and tabs                         no-mixed-spaces-and-tabs
   40:5   warning  '$' is not defined                            no-undef
   41:32  warning  '$' is not defined                            no-undef
   80:5   warning  'newwindow' is not defined                    no-undef
   83:9   warning  'newwindow' is not defined                    no-undef
   97:13  warning  'flask' is not defined                        no-undef
  100:13  warning  'pipette' is not defined                      no-undef
  103:13  warning  'beaker' is not defined                       no-undef
  106:13  warning  'cuvette' is not defined                      no-undef
  112:33  warning  Unnecessary semicolon                         no-extra-semi
  148:10  warning  'turnOn' is defined but never used            no-unused-vars
  177:13  warning  '$' is not defined                            no-undef
  186:10  warning  'removeClock' is defined but never used       no-unused-vars
  187:5   warning  '$' is not defined                            no-undef
  190:5   warning  'cursorPointers' is not defined               no-undef
  201:9   warning  'cursorPointers' is not defined               no-undef
  209:9   warning  'cursorPointers' is not defined               no-undef
  218:9   warning  '$' is not defined                            no-undef
  226:9   warning  'cursorPointers' is not defined               no-undef
  232:9   warning  'input1' is not defined                       no-undef
  233:9   warning  'input2' is not defined                       no-undef
  234:9   warning  'video1' is not defined                       no-undef
  235:9   warning  'video2' is not defined                       no-undef
  236:47  warning  'input1' is not defined                       no-undef
  236:64  warning  'input2' is not defined                       no-undef
  237:13  warning  '$' is not defined                            no-undef
  238:13  warning  '$' is not defined                            no-undef
  240:13  warning  'video1' is not defined                       no-undef
  242:13  warning  'cursorPointers' is not defined               no-undef
  244:51  warning  'input1' is not defined                       no-undef
  244:68  warning  'input2' is not defined                       no-undef
  245:13  warning  '$' is not defined                            no-undef
  246:13  warning  '$' is not defined                            no-undef
  248:13  warning  'video2' is not defined                       no-undef
  250:13  warning  'cursorPointers' is not defined               no-undef
  261:9   warning  '$' is not defined                            no-undef

/home/runner/work/exp-uv-visible-spectroscopy-iiith/exp-uv-visible-spectroscopy-iiith/experiment/simulation/libraries/bootstrap-3.3.7-dist/js/bootstrap.js
    17:3  warning  'jQuery' is not defined                                     no-undef
    77:3  warning  'jQuery' is not defined                                     no-undef
   172:3  warning  'jQuery' is not defined                                     no-undef
   298:3  warning  'jQuery' is not defined                                     no-undef
   536:3  warning  'jQuery' is not defined                                     no-undef
   667:7  warning  Unexpected newline between object and [ of property access  no-unexpected-multiline
   749:3  warning  'jQuery' is not defined                                     no-undef
   915:3  warning  'jQuery' is not defined                                     no-undef
  1255:3  warning  'jQuery' is not defined                                     no-undef
  1776:3  warning  'jQuery' is not defined                                     no-undef
  1885:3  warning  'jQuery' is not defined                                     no-undef
  2058:3  warning  'jQuery' is not defined                                     no-undef
  2214:3  warning  'jQuery' is not defined                                     no-undef
  2377:3  warning  'jQuery' is not defined                                     no-undef

/home/runner/work/exp-uv-visible-spectroscopy-iiith/exp-uv-visible-spectroscopy-iiith/experiment/simulation/libraries/bootstrap-3.3.7-dist/js/bootstrap.min.js
  6:319    warning  'jQuery' is not defined                 no-undef
  6:1071   warning  'jQuery' is not defined                 no-undef
  6:2016   warning  'jQuery' is not defined                 no-undef
  6:3965   warning  'jQuery' is not defined                 no-undef
  6:8001   warning  'jQuery' is not defined                 no-undef
  6:11369  warning  'jQuery' is not defined                 no-undef
  6:13732  warning  'jQuery' is not defined                 no-undef
  6:19734  warning  'jQuery' is not defined                 no-undef
  6:27338  warning  'a' is assigned a value but never used  no-unused-vars
  6:28677  warning  'jQuery' is not defined                 no-undef
  6:30264  warning  'jQuery' is not defined                 no-undef
  7:648    warning  'jQuery' is not defined                 no-undef
  7:2468   warning  'jQuery' is not defined                 no-undef
  7:4879   warning  'jQuery' is not defined                 no-undef

/home/runner/work/exp-uv-visible-spectroscopy-iiith/exp-uv-visible-spectroscopy-iiith/experiment/simulation/libraries/bootstrap-3.3.7-dist/js/npm.js
   2:1  warning  'require' is not defined  no-undef
   3:1  warning  'require' is not defined  no-undef
   4:1  warning  'require' is not defined  no-undef
   5:1  warning  'require' is not defined  no-undef
   6:1  warning  'require' is not defined  no-undef
   7:1  warning  'require' is not defined  no-undef
   8:1  warning  'require' is not defined  no-undef
   9:1  warning  'require' is not defined  no-undef
  10:1  warning  'require' is not defined  no-undef
  11:1  warning  'require' is not defined  no-undef
  12:1  warning  'require' is not defined  no-undef
  13:1  warning  'require' is not defined  no-undef

/home/runner/work/exp-uv-visible-spectroscopy-iiith/exp-uv-visible-spectroscopy-iiith/experiment/simulation/libraries/jQueryRotate.js
   20:5   warning  'jQuery' is not defined                                                    no-undef
   32:38  warning  'Wilq32' is not defined                                                    no-undef
   66:5   warning  'Wilq32' is not defined                                                    no-undef
   67:5   warning  'Wilq32' is not defined                                                    no-undef
   96:13  warning  'jQuery' is not defined                                                    no-undef
  102:5   warning  'Wilq32' is not defined                                                    no-undef
  149:52  warning  Do not access Object.prototype method 'hasOwnProperty' from target object  no-prototype-builtins
  151:15  warning  'jQuery' is not defined                                                    no-undef
  155:18  warning  'a' is already defined                                                     no-redeclare
  155:42  warning  Do not access Object.prototype method 'hasOwnProperty' from target object  no-prototype-builtins
  157:11  warning  'jQuery' is not defined                                                    no-undef
  163:13  warning  'IE' is not defined                                                        no-undef
  198:20  warning  Expected a conditional expression and instead saw an assignment            no-cond-assign
  232:20  warning  Expected a conditional expression and instead saw an assignment            no-cond-assign
  284:13  warning  'IE' is not defined                                                        no-undef
  322:11  warning  'IE' is not defined                                                        no-undef
  324:9   warning  'Wilq32' is not defined                                                    no-undef
  339:4   warning  'jQuery' is not defined                                                    no-undef

✖ 291 problems (0 errors, 291 warnings)
  0 errors and 1 warning potentially fixable with the `--fix` option.

